<?xml version="1.0" encoding="UTF-8"?>
<!-- Generated by org.testng.reporters.JUnitReportReporter -->
<testsuite skipped="0" hostname="DESKTOP-G4AAQPD" name="testCases.FramesTest" tests="1" failures="0" timestamp="2024-07-28T15:46:53 IST" time="7.651" errors="0">
  <testcase name="testFrame" time="7.651" classname="testCases.FramesTest"/>
  <system-out/>
</testsuite> <!-- testCases.FramesTest -->
