<?xml version="1.0" encoding="UTF-8"?>
<!-- Generated by org.testng.reporters.JUnitReportReporter -->
<testsuite skipped="0" hostname="DESKTOP-G4AAQPD" name="testCases.SelectableTest" tests="1" failures="0" timestamp="2024-07-30T23:53:57 IST" time="42.263" errors="0">
  <testcase name="testSelectable" time="42.263" classname="testCases.SelectableTest"/>
  <system-out/>
</testsuite> <!-- testCases.SelectableTest -->
