<?xml version="1.0" encoding="UTF-8"?>
<!-- Generated by org.testng.reporters.JUnitReportReporter -->
<testsuite skipped="0" hostname="DESKTOP-G4AAQPD" name="testCases.DatePickerTest" tests="1" failures="0" timestamp="2024-07-30T22:43:40 IST" time="9.484" errors="0">
  <testcase name="testDatePicker" time="9.484" classname="testCases.DatePickerTest"/>
  <system-out/>
</testsuite> <!-- testCases.DatePickerTest -->
