<?xml version="1.0" encoding="UTF-8"?>
<!-- Generated by org.testng.reporters.JUnitReportReporter -->
<testsuite skipped="0" hostname="DESKTOP-G4AAQPD" name="sampleprograms.TestNGSample" tests="2" failures="0" timestamp="2024-06-13T14:24:36 IST" time="0.027" errors="0">
  <testcase name="firstTestCase" time="0.024" classname="sampleprograms.TestNGSample"/>
  <system-out/>
  <testcase name="print" time="0.003" classname="sampleprograms.TestNGSample"/>
  <system-out/>
</testsuite> <!-- sampleprograms.TestNGSample -->
